2024-09-10 15:33:09 ---[INFO]--- Starting ECommerceApplication using Java 22.0.1 with PID 6976 (C:\Z_Naveen\E-Com-App API's-Security-impl\EComApp_API_Security\target\classes started by Administrator in C:\Z_Naveen\E-Com-App API's-Security-impl\EComApp_API_Security)
2024-09-10 15:33:09 ---[INFO]--- No active profile set, falling back to 1 default profile: "default"
2024-09-10 15:33:10 ---[INFO]--- Devtools property defaults active! Set 'spring.devtools.add-properties' to 'false' to disable
2024-09-10 15:33:10 ---[INFO]--- For additional web related logging consider setting the 'logging.level.web' property to 'DEBUG'
2024-09-10 15:33:11 ---[INFO]--- Bootstrapping Spring Data JPA repositories in DEFAULT mode.
2024-09-10 15:33:11 ---[INFO]--- Finished Spring Data repository scanning in 135 ms. Found 11 JPA repository interfaces.
2024-09-10 15:33:13 ---[INFO]--- Tomcat initialized with port 8888 (http)
2024-09-10 15:33:13 ---[INFO]--- Initializing ProtocolHandler ["http-nio-8888"]
2024-09-10 15:33:13 ---[INFO]--- Starting service [Tomcat]
2024-09-10 15:33:13 ---[INFO]--- Starting Servlet engine: [Apache Tomcat/10.1.26]
2024-09-10 15:33:13 ---[INFO]--- Initializing Spring embedded WebApplicationContext
2024-09-10 15:33:13 ---[INFO]--- Root WebApplicationContext: initialization completed in 3143 ms
2024-09-10 15:33:13 ---[INFO]--- HHH000204: Processing PersistenceUnitInfo [name: default]
2024-09-10 15:33:14 ---[INFO]--- HHH000412: Hibernate ORM core version 6.5.2.Final
2024-09-10 15:33:14 ---[INFO]--- HHH000026: Second-level cache disabled
2024-09-10 15:33:14 ---[INFO]--- No LoadTimeWeaver setup: ignoring JPA class transformer
2024-09-10 15:33:14 ---[INFO]--- HikariPool-1 - Starting...
2024-09-10 15:33:15 ---[INFO]--- HikariPool-1 - Added connection org.postgresql.jdbc.PgConnection@5ecb870e
2024-09-10 15:33:15 ---[INFO]--- HikariPool-1 - Start completed.
2024-09-10 15:33:15 ---[WARN]--- HHH90000025: PostgreSQLDialect does not need to be specified explicitly using 'hibernate.dialect' (remove the property setting and it will be selected by default)
2024-09-10 15:33:17 ---[INFO]--- HHH000489: No JTA platform available (set 'hibernate.transaction.jta.platform' to enable JTA platform integration)
2024-09-10 15:33:17 ---[INFO]--- Initialized JPA EntityManagerFactory for persistence unit 'default'
2024-09-10 15:33:18 ---[WARN]--- spring.jpa.open-in-view is enabled by default. Therefore, database queries may be performed during view rendering. Explicitly configure spring.jpa.open-in-view to disable this warning
2024-09-10 15:33:18 ---[INFO]--- Global AuthenticationManager configured with UserDetailsService bean with name credentialService
2024-09-10 15:33:19 ---[WARN]--- Cannot find template location: classpath:/templates/ (please add some templates, check your Thymeleaf configuration, or set spring.thymeleaf.check-template-location=false)
2024-09-10 15:33:19 ---[INFO]--- LiveReload server is running on port 35729
2024-09-10 15:33:19 ---[INFO]--- Starting ProtocolHandler ["http-nio-8888"]
2024-09-10 15:33:19 ---[INFO]--- Tomcat started on port 8888 (http) with context path '/'
2024-09-10 15:33:19 ---[INFO]--- Started ECommerceApplication in 10.54 seconds (process running for 11.64)
